INFO:Atomization.0: added induced naming convention [['STAT3'], ['pSTAT3']]
Atomization:Warning.1: inverting order of [['pSTAT3'], ['STAT3']] for lexical analysis
INFO:Atomization.2: added induced naming convention [['STAT3'], ['pSTAT3']]
INFO:Atomization.3: Lexical relationship inferred between                                     ['R', 'sR'], user information confirming it is required
INFO:Atomization.4: Lexical relationship inferred between                                     ['gp130', 'sgp130'], user information confirming it is required
CRITICAL:Atomization.5: I dont know how this is modified and I have no way to make an educated guess. Politely refusing to translate Ractive=[['R_IL6_gp130']].
CRITICAL:Atomization.6: I dont know how this is modified and I have no way to make an educated guess. Politely refusing to translate Ractive_mw6cce2109_0e32_4dd9_98ec_41173e8ef07d=[['R_IL6_gp130_mw824bc3d4_1ac3_4912_9b51_8f14ff1c96b9']].
ATOMIZATION:WARNING.7: adding forced transformation: CRP:[['CRP']]:sR
ATOMIZATION:WARNING.8: adding forced transformation: CRP_mwd5313618_89eb_4c8c_bc82_66f10f966349:[['CRP_mwd5313618_89eb_4c8c_bc82_66f10f966349']]:CRPExtracellular
ATOMIZATION:WARNING.9: adding forced transformation: Ab:[['Ab']]:Ab_mwf7796221_1fea_4274_a93e_c00adbf5778c
ATOMIZATION:WARNING.10: adding forced transformation: Ab:[['Ab']]:Ab_mw3667a5e1_02c9_44a0_acb4_b0431faa822d
ATOMIZATION:WARNING.11: adding forced transformation: Ab:[['Ab']]:Ab_mwbc2f5464_81e5_43fd_8b39_f5a2756af72f
ATOMIZATION:WARNING.12: adding forced transformation: IL6:[['IL6']]:IL6_mw2c9b0499_3325_4394_8af3_bbf653a944a0
ATOMIZATION:WARNING.13: adding forced transformation: IL6:[['IL6']]:IL6_mw0adf3eb4_a196_4c48_b10d_4e9e9faaf9e1
ATOMIZATION:WARNING.14: adding forced transformation: sgp130:[['sgp130']]:sgp130_mwd65b5b39_dc1b_4e77_a999_67277a880e5e
ATOMIZATION:WARNING.15: adding forced transformation: sgp130:[['sgp130']]:sgp130_mw147d30ec_478e_4090_b496_128a131d29eb
ATOMIZATION:WARNING.16: adding forced transformation: STAT3_mw2b255f94_8018_4b99_bde8_918eeac45446:[['STAT3_mw2b255f94_8018_4b99_bde8_918eeac45446']]:pSTAT3_mw48867e93_f170_44e8_ac7a_185b23e1bf3b
ATOMIZATION:WARNING.17: adding forced transformation: Ab_sR_IL6:[['Ab_sR_IL6']]:Ab_sR_IL6_mwedc1bc00_adf7_4144_a1c2_7dc1a9565dc2
ATOMIZATION:WARNING.18: adding forced transformation: Ab_sR_IL6:[['Ab_sR_IL6']]:Ab_sR_IL6_mw2ba2b802_9f07_4f4d_94c6_24c8de1a95cf
ATOMIZATION:WARNING.19: adding forced transformation: CRP:[['sR']]:sR_mw2e464cf3_a09c_4b7c_9f3c_06720016a48e
ATOMIZATION:CRITICAL.20: unregistered modification: sR_mw2e464cf3_a09c_4b7c_9f3c_06720016a48e:[['sR']]
ATOMIZATION:WARNING.21: adding forced transformation: CRP:[['sR']]:sR_mwd31f52cc_04e7_40e0_885f_c7b2d9e62215
ATOMIZATION:CRITICAL.22: unregistered modification: sR_mwd31f52cc_04e7_40e0_885f_c7b2d9e62215:[['sR']]
WARNING:Atomization.23: We don't know how ['IL6', 'R'] and ['gp130'] bind together and there's no relevant BioGrid information. Defaulting to largest molecule
WARNING:Atomization.24: We don't know how ['CRP', 'IL6'] and ['sgp130'] bind together and there's no relevant BioGrid information. Defaulting to largest molecule
WARNING:Atomization.25: We don't know how ['IL6', 'CRP'] and ['gp130_mw8c9107e6_f51d_442d_b2dc_2bfdbb8482ca'] bind together and there's no relevant BioGrid information. Defaulting to largest molecule
INFO.26: Exchanging reference to compartment mw53ffe9e6_beef_45c4_90a5_a79197ed506e for its dimensions
INFO.27: Exchanging reference to compartment mw53ffe9e6_beef_45c4_90a5_a79197ed506e for its dimensions
INFO.28: Exchanging reference to compartment mw53ffe9e6_beef_45c4_90a5_a79197ed506e for its dimensions
INFO.29: Exchanging reference to compartment mw53ffe9e6_beef_45c4_90a5_a79197ed506e for its dimensions
INFO.30: Exchanging reference to compartment mw53ffe9e6_beef_45c4_90a5_a79197ed506e for its dimensions
INFO.31: Exchanging reference to compartment mw53ffe9e6_beef_45c4_90a5_a79197ed506e for its dimensions
INFO.32: Exchanging reference to compartment mw53ffe9e6_beef_45c4_90a5_a79197ed506e for its dimensions
INFO.33: Exchanging reference to compartment mw88ca8d9a_f5cf_41bf_9d9d_fc48f6e1a19e for its dimensions
INFO.34: Exchanging reference to compartment mw88ca8d9a_f5cf_41bf_9d9d_fc48f6e1a19e for its dimensions
INFO.35: Exchanging reference to compartment mw88ca8d9a_f5cf_41bf_9d9d_fc48f6e1a19e for its dimensions
INFO.36: Exchanging reference to compartment mw88ca8d9a_f5cf_41bf_9d9d_fc48f6e1a19e for its dimensions
INFO.37: Exchanging reference to compartment mw88ca8d9a_f5cf_41bf_9d9d_fc48f6e1a19e for its dimensions
INFO.38: Exchanging reference to compartment mw88ca8d9a_f5cf_41bf_9d9d_fc48f6e1a19e for its dimensions
INFO.39: Exchanging reference to compartment mw88ca8d9a_f5cf_41bf_9d9d_fc48f6e1a19e for its dimensions
INFO.40: Exchanging reference to compartment mw88ca8d9a_f5cf_41bf_9d9d_fc48f6e1a19e for its dimensions
INFO.41: Exchanging reference to compartment mw88ca8d9a_f5cf_41bf_9d9d_fc48f6e1a19e for its dimensions
INFO.42: Exchanging reference to compartment mw88ca8d9a_f5cf_41bf_9d9d_fc48f6e1a19e for its dimensions
INFO.43: Exchanging reference to compartment mw88ca8d9a_f5cf_41bf_9d9d_fc48f6e1a19e for its dimensions
INFO.44: Exchanging reference to compartment mw88ca8d9a_f5cf_41bf_9d9d_fc48f6e1a19e for its dimensions
INFO.45: Exchanging reference to compartment mw88ca8d9a_f5cf_41bf_9d9d_fc48f6e1a19e for its dimensions
INFO.46: Exchanging reference to compartment mw88ca8d9a_f5cf_41bf_9d9d_fc48f6e1a19e for its dimensions
INFO.47: Exchanging reference to compartment mwe9501423_9fb4_494b_b5b6_288f3fcb17b5 for its dimensions
INFO.48: Exchanging reference to compartment mwe9501423_9fb4_494b_b5b6_288f3fcb17b5 for its dimensions
INFO.49: Exchanging reference to compartment mwe9501423_9fb4_494b_b5b6_288f3fcb17b5 for its dimensions
INFO.50: Exchanging reference to compartment mwe9501423_9fb4_494b_b5b6_288f3fcb17b5 for its dimensions
INFO.51: Exchanging reference to compartment mwe9501423_9fb4_494b_b5b6_288f3fcb17b5 for its dimensions
INFO.52: Exchanging reference to compartment mwe9501423_9fb4_494b_b5b6_288f3fcb17b5 for its dimensions
INFO.53: Exchanging reference to compartment mwe9501423_9fb4_494b_b5b6_288f3fcb17b5 for its dimensions
INFO.54: Exchanging reference to compartment mw88ca8d9a_f5cf_41bf_9d9d_fc48f6e1a19e for its dimensions
INFO.55: Exchanging reference to compartment mwe9501423_9fb4_494b_b5b6_288f3fcb17b5 for its dimensions
INFO.56: Exchanging reference to compartment mw88ca8d9a_f5cf_41bf_9d9d_fc48f6e1a19e for its dimensions
INFO.57: Exchanging reference to compartment mw88ca8d9a_f5cf_41bf_9d9d_fc48f6e1a19e for its dimensions
INFO.58: Exchanging reference to compartment mwe9501423_9fb4_494b_b5b6_288f3fcb17b5 for its dimensions
INFO.59: Exchanging reference to compartment mwe9501423_9fb4_494b_b5b6_288f3fcb17b5 for its dimensions
INFO.60: Exchanging reference to compartment mwe9501423_9fb4_494b_b5b6_288f3fcb17b5 for its dimensions
INFO.61: Exchanging reference to compartment mwe9501423_9fb4_494b_b5b6_288f3fcb17b5 for its dimensions
INFO.62: Exchanging reference to compartment mw88ca8d9a_f5cf_41bf_9d9d_fc48f6e1a19e for its dimensions
INFO.63: Exchanging reference to compartment mw88ca8d9a_f5cf_41bf_9d9d_fc48f6e1a19e for its dimensions
INFO.64: Exchanging reference to compartment mw88ca8d9a_f5cf_41bf_9d9d_fc48f6e1a19e for its dimensions
INFO.65: Exchanging reference to compartment mw53ffe9e6_beef_45c4_90a5_a79197ed506e for its dimensions
INFO.66: Exchanging reference to compartment mwe9501423_9fb4_494b_b5b6_288f3fcb17b5 for its dimensions
INFO.67: Exchanging reference to compartment mwe9501423_9fb4_494b_b5b6_288f3fcb17b5 for its dimensions
INFO.68: Exchanging reference to compartment mw88ca8d9a_f5cf_41bf_9d9d_fc48f6e1a19e for its dimensions
INFO.69: Exchanging reference to compartment mw88ca8d9a_f5cf_41bf_9d9d_fc48f6e1a19e for its dimensions
INFO.70: Exchanging reference to compartment mw53ffe9e6_beef_45c4_90a5_a79197ed506e for its dimensions
INFO.71: Exchanging reference to compartment mw53ffe9e6_beef_45c4_90a5_a79197ed506e for its dimensions
INFO.72: Exchanging reference to compartment mw53ffe9e6_beef_45c4_90a5_a79197ed506e for its dimensions
INFO.73: Exchanging reference to compartment mw53ffe9e6_beef_45c4_90a5_a79197ed506e for its dimensions
INFO.74: Exchanging reference to compartment mwe9501423_9fb4_494b_b5b6_288f3fcb17b5 for its dimensions
INFO.75: Exchanging reference to compartment mwe9501423_9fb4_494b_b5b6_288f3fcb17b5 for its dimensions
INFO.76: Exchanging reference to compartment mw53ffe9e6_beef_45c4_90a5_a79197ed506e for its dimensions
INFO.77: Exchanging reference to compartment mw53ffe9e6_beef_45c4_90a5_a79197ed506e for its dimensions
INFO.78: Exchanging reference to compartment mw53ffe9e6_beef_45c4_90a5_a79197ed506e for its dimensions
INFO.79: Exchanging reference to compartment mw53ffe9e6_beef_45c4_90a5_a79197ed506e for its dimensions
INFO.80: Exchanging reference to compartment mw53ffe9e6_beef_45c4_90a5_a79197ed506e for its dimensions
INFO.81: Exchanging reference to compartment mwe9501423_9fb4_494b_b5b6_288f3fcb17b5 for its dimensions
INFO.82: Exchanging reference to compartment mwe9501423_9fb4_494b_b5b6_288f3fcb17b5 for its dimensions
INFO.83: Exchanging reference to compartment mwe9501423_9fb4_494b_b5b6_288f3fcb17b5 for its dimensions
INFO.84: Exchanging reference to compartment mw88ca8d9a_f5cf_41bf_9d9d_fc48f6e1a19e for its dimensions
INFO.85: Exchanging reference to compartment mw88ca8d9a_f5cf_41bf_9d9d_fc48f6e1a19e for its dimensions
INFO.86: Exchanging reference to compartment mw88ca8d9a_f5cf_41bf_9d9d_fc48f6e1a19e for its dimensions
INFO.87: Exchanging reference to compartment mw88ca8d9a_f5cf_41bf_9d9d_fc48f6e1a19e for its dimensions
INFO.88: Exchanging reference to compartment mwe9501423_9fb4_494b_b5b6_288f3fcb17b5 for its dimensions
INFO.89: Exchanging reference to compartment mw88ca8d9a_f5cf_41bf_9d9d_fc48f6e1a19e for its dimensions
INFO.90: Exchanging reference to compartment mw88ca8d9a_f5cf_41bf_9d9d_fc48f6e1a19e for its dimensions
INFO.91: Exchanging reference to compartment mw88ca8d9a_f5cf_41bf_9d9d_fc48f6e1a19e for its dimensions
INFO.92: Exchanging reference to compartment mw53ffe9e6_beef_45c4_90a5_a79197ed506e for its dimensions
INFO.93: Exchanging reference to compartment mw88ca8d9a_f5cf_41bf_9d9d_fc48f6e1a19e for its dimensions
INFO.94: Exchanging reference to compartment mwe9501423_9fb4_494b_b5b6_288f3fcb17b5 for its dimensions
WARNING:Simulation.95: geneProduct() reported as function, but usage is ambiguous
WARNING:Simulation.96: CRP__ofbaseline__() reported as function, but usage is ambiguous
WARNING:Simulation.97: CRPSuppression____() reported as function, but usage is ambiguous
INFO:Summary.98: File contains 13 molecules out of 41 original SBML species
