INFO:Atomization.0: added induced naming convention [['cit'], ['icit']]
ATOMIZATION:WARNING.1: adding forced transformation: aca:[['aca']]:coa
ATOMIZATION:WARNING.2: adding forced transformation: cit:[['icit']]:akg
ATOMIZATION:WARNING.3: adding forced transformation: cit:[['akg']]:sca
ATOMIZATION:CRITICAL.4: unregistered modification: sca:[['akg']]
ATOMIZATION:WARNING.5: adding forced transformation: cit:[['akg']]:biosyn
ATOMIZATION:CRITICAL.6: unregistered modification: biosyn:[['akg']]
ATOMIZATION:WARNING.7: adding forced transformation: cit:[['sca']]:suc
ATOMIZATION:CRITICAL.8: unregistered modification: suc:[['sca']]
ATOMIZATION:CRITICAL.9: unregistered modification: suc:[['sca']]
ATOMIZATION:WARNING.10: adding forced transformation: cit:[['suc']]:fa
ATOMIZATION:CRITICAL.11: unregistered modification: fa:[['suc']]
ATOMIZATION:CRITICAL.12: unregistered modification: fa:[['suc']]
ATOMIZATION:CRITICAL.13: unregistered modification: fa:[['suc']]
ATOMIZATION:WARNING.14: adding forced transformation: cit:[['fa']]:mal
ATOMIZATION:CRITICAL.15: unregistered modification: mal:[['fa']]
ATOMIZATION:CRITICAL.16: unregistered modification: mal:[['fa']]
ATOMIZATION:CRITICAL.17: unregistered modification: mal:[['fa']]
ATOMIZATION:CRITICAL.18: unregistered modification: mal:[['fa']]
ATOMIZATION:WARNING.19: adding forced transformation: cit:[['mal']]:oaa
ATOMIZATION:CRITICAL.20: unregistered modification: oaa:[['mal']]
ATOMIZATION:CRITICAL.21: unregistered modification: oaa:[['mal']]
ATOMIZATION:CRITICAL.22: unregistered modification: oaa:[['mal']]
ATOMIZATION:CRITICAL.23: unregistered modification: oaa:[['mal']]
ATOMIZATION:CRITICAL.24: unregistered modification: oaa:[['mal']]
INFO:Summary.25: File contains 3 molecules out of 12 original SBML species
