INFO:Atomization.0: added induced naming convention [['MKKK'], ['MKKK_P']]
INFO:Atomization.1: added induced naming convention [['MKK'], ['MKK_P']]
INFO:Atomization.2: added induced naming convention [['MKK_P'], ['MKK_PP']]
INFO:Atomization.3: added induced naming convention [['M_P'], ['M_PP']]
Atomization:Warning.4: inverting order of [['MKKK_P'], ['MKKK']] for lexical analysis
INFO:Atomization.5: added induced naming convention [['MKKK'], ['MKKK_P']]
Atomization:Warning.6: inverting order of [['MKK_PP'], ['MKK_P']] for lexical analysis
INFO:Atomization.7: added induced naming convention [['MKK_P'], ['MKK_PP']]
Atomization:Warning.8: inverting order of [['MKK_P'], ['MKK']] for lexical analysis
INFO:Atomization.9: added induced naming convention [['MKK'], ['MKK_P']]
Atomization:Warning.10: inverting order of [['M_PP'], ['M_P']] for lexical analysis
INFO:Atomization.11: added induced naming convention [['M_P'], ['M_PP']]
Atomization:Warning.12: inverting order of [['M_P'], ['M']] for lexical analysis
INFO:Atomization.13: Lexical relationship inferred between                                     ['MKK', 'MKKK'], user information confirming it is required
INFO:Atomization.14: Lexical relationship inferred between                                     ['P3mRNA', 'PreP3_mRNA'], user information confirming it is required
ATOMIZATION:WARNING.15: adding forced transformation: M:[['M']]:M_n
ATOMIZATION:WARNING.16: adding forced transformation: P3_c:[['P3_c']]:P3_n
ATOMIZATION:WARNING.17: adding forced transformation: PreP3_mRNA:[['PreP3_mRNA']]:P3mRNA
ATOMIZATION:WARNING.18: adding forced transformation: M:[['M_P']]:M_P_n
ATOMIZATION:WARNING.19: adding forced transformation: M:[['M_PP']]:M_PP_n
INFO:Summary.20: File contains 9 molecules out of 19 original SBML species
