INFO:Atomization.0: added induced naming convention [['cE3'], ['cE3n']]
INFO:Atomization.1: added induced naming convention [['cCOP1'], ['cCOP1c']]
INFO:Atomization.2: added induced naming convention [['cCOP1'], ['cCOP1n']]
INFO:Atomization.3: added induced naming convention [['cCOP1'], ['cCOP1n']]
INFO:Atomization.4: added induced naming convention [['cCOP1'], ['cCOP1d']]
INFO:Atomization.5: Lexical relationship inferred between                                     ['s6', 's46'], user information confirming it is required
INFO:Atomization.6: Lexical relationship inferred between                                     ['s4', 's46'], user information confirming it is required
INFO:Atomization.7: Lexical relationship inferred between                                     ['s3', 's31'], user information confirming it is required
INFO:Atomization.8: Lexical relationship inferred between                                     ['s1', 's31'], user information confirming it is required
INFO:Atomization.9: Lexical relationship inferred between                                     ['s8', 's38'], user information confirming it is required
INFO:Atomization.10: Lexical relationship inferred between                                     ['s3', 's38'], user information confirming it is required
INFO:Atomization.11: Lexical relationship inferred between                                     ['s4', 's44'], user information confirming it is required
INFO:Atomization.12: Lexical relationship inferred between                                     ['s9', 's19'], user information confirming it is required
INFO:Atomization.13: Lexical relationship inferred between                                     ['s1', 's19'], user information confirming it is required
INFO:Atomization.14: Lexical relationship inferred between                                     ['s3', 's13'], user information confirming it is required
INFO:Atomization.15: Lexical relationship inferred between                                     ['s1', 's13'], user information confirming it is required
INFO:Atomization.16: Lexical relationship inferred between                                     ['s1', 's11'], user information confirming it is required
INFO:Atomization.17: Lexical relationship inferred between                                     ['s7', 's17'], user information confirming it is required
INFO:Atomization.18: Lexical relationship inferred between                                     ['s1', 's17'], user information confirming it is required
INFO:Atomization.19: Lexical relationship inferred between                                     ['s5', 's15'], user information confirming it is required
INFO:Atomization.20: Lexical relationship inferred between                                     ['s1', 's15'], user information confirming it is required
INFO:Atomization.21: Lexical relationship inferred between                                     ['s5', 's25'], user information confirming it is required
INFO:Atomization.22: Lexical relationship inferred between                                     ['s2', 's25'], user information confirming it is required
INFO:Atomization.23: Lexical relationship inferred between                                     ['s6', 's36'], user information confirming it is required
INFO:Atomization.24: Lexical relationship inferred between                                     ['s3', 's36'], user information confirming it is required
INFO:Atomization.25: Lexical relationship inferred between                                     ['s4', 's42'], user information confirming it is required
INFO:Atomization.26: Lexical relationship inferred between                                     ['s2', 's42'], user information confirming it is required
INFO:Atomization.27: Lexical relationship inferred between                                     ['s4', 's34'], user information confirming it is required
INFO:Atomization.28: Lexical relationship inferred between                                     ['s3', 's34'], user information confirming it is required
INFO:Atomization.29: Lexical relationship inferred between                                     ['s3', 's23'], user information confirming it is required
INFO:Atomization.30: Lexical relationship inferred between                                     ['s2', 's23'], user information confirming it is required
INFO:Atomization.31: Lexical relationship inferred between                                     ['s2', 's21'], user information confirming it is required
INFO:Atomization.32: Lexical relationship inferred between                                     ['s1', 's21'], user information confirming it is required
INFO:Atomization.33: Lexical relationship inferred between                                     ['s7', 's27'], user information confirming it is required
INFO:Atomization.34: Lexical relationship inferred between                                     ['s2', 's27'], user information confirming it is required
INFO:Atomization.35: Lexical relationship inferred between                                     ['s5', 's50'], user information confirming it is required
INFO:Atomization.36: Lexical relationship inferred between                                     ['s9', 's29'], user information confirming it is required
INFO:Atomization.37: Lexical relationship inferred between                                     ['s2', 's29'], user information confirming it is required
INFO:Atomization.38: Lexical relationship inferred between                                     ['s9', 's49'], user information confirming it is required
INFO:Atomization.39: Lexical relationship inferred between                                     ['s4', 's49'], user information confirming it is required
CRITICAL:Atomization.40: I dont know how this is modified and I have no way to make an educated guess. Politely refusing to translate s49=[['cEG']].
INFO:Atomization.41: Lexical relationship inferred between                                     ['s8', 's48'], user information confirming it is required
INFO:Atomization.42: Lexical relationship inferred between                                     ['s4', 's48'], user information confirming it is required
CRITICAL:Atomization.43: I dont know how this is modified and I have no way to make an educated guess. Politely refusing to translate s48=[['cZG']].
ATOMIZATION:WARNING.44: adding forced transformation: s44:[['s44']]:cG
ATOMIZATION:WARNING.45: adding forced transformation: s3:[['s3']]:cL
ATOMIZATION:WARNING.46: adding forced transformation: s7:[['s7']]:cP
ATOMIZATION:WARNING.47: adding forced transformation: s23:[['s23']]:cT
ATOMIZATION:WARNING.48: adding forced transformation: s27:[['s27']]:cE4
ATOMIZATION:WARNING.49: adding forced transformation: s31:[['s31']]:cE3
ATOMIZATION:WARNING.50: adding forced transformation: s5:[['s5']]:cLm
ATOMIZATION:WARNING.51: adding forced transformation: s50:[['s50']]:cEC
ATOMIZATION:WARNING.52: adding forced transformation: s11:[['s11']]:cP9
ATOMIZATION:WARNING.53: adding forced transformation: s15:[['s15']]:cP7
ATOMIZATION:WARNING.54: adding forced transformation: s19:[['s19']]:cNI
ATOMIZATION:WARNING.55: adding forced transformation: s21:[['s21']]:cT_m
ATOMIZATION:WARNING.56: adding forced transformation: s46:[['s46']]:cZTL
ATOMIZATION:WARNING.57: adding forced transformation: s36:[['s36']]:cLUX
ATOMIZATION:WARNING.58: adding forced transformation: s1:[['s1']]:cL_m
ATOMIZATION:WARNING.59: adding forced transformation: s42:[['s42']]:cG_m
ATOMIZATION:WARNING.60: adding forced transformation: s25:[['s25']]:cE4_m
ATOMIZATION:WARNING.61: adding forced transformation: s29:[['s29']]:cE3_m
ATOMIZATION:WARNING.62: adding forced transformation: s13:[['s13']]:cP7_m
ATOMIZATION:WARNING.63: adding forced transformation: s9:[['s9']]:cP9_m
ATOMIZATION:WARNING.64: adding forced transformation: s17:[['s17']]:cNI_m
ATOMIZATION:WARNING.65: adding forced transformation: s34:[['s34']]:cLUX_m
ATOMIZATION:WARNING.66: adding forced transformation: s3:[['cL']]:s4
ATOMIZATION:CRITICAL.67: unregistered modification: s4:[['cL']]
ATOMIZATION:WARNING.68: adding forced transformation: s7:[['cP']]:s8
ATOMIZATION:CRITICAL.69: unregistered modification: s8:[['cP']]
ATOMIZATION:WARNING.70: adding forced transformation: s1:[['cL_m']]:s2
ATOMIZATION:CRITICAL.71: unregistered modification: s2:[['cL_m']]
ATOMIZATION:WARNING.72: adding forced transformation: s5:[['cLm']]:s6
ATOMIZATION:CRITICAL.73: unregistered modification: s6:[['cLm']]
ATOMIZATION:WARNING.74: adding forced transformation: s25:[['cE4_m']]:s26
ATOMIZATION:CRITICAL.75: unregistered modification: s26:[['cE4_m']]
ATOMIZATION:WARNING.76: adding forced transformation: s23:[['cT']]:s24
ATOMIZATION:CRITICAL.77: unregistered modification: s24:[['cT']]
ATOMIZATION:WARNING.78: adding forced transformation: cCOP1:[['cCOP1c']]:s39
ATOMIZATION:WARNING.79: adding forced transformation: s21:[['cT_m']]:s22
ATOMIZATION:CRITICAL.80: unregistered modification: s22:[['cT_m']]
ATOMIZATION:WARNING.81: adding forced transformation: s19:[['cNI']]:s20
ATOMIZATION:CRITICAL.82: unregistered modification: s20:[['cNI']]
ATOMIZATION:WARNING.83: adding forced transformation: s50:[['cEC']]:s51
ATOMIZATION:CRITICAL.84: unregistered modification: s51:[['cEC']]
ATOMIZATION:WARNING.85: adding forced transformation: s11:[['cP9']]:s12
ATOMIZATION:CRITICAL.86: unregistered modification: s12:[['cP9']]
ATOMIZATION:WARNING.87: adding forced transformation: s17:[['cNI_m']]:s18
ATOMIZATION:CRITICAL.88: unregistered modification: s18:[['cNI_m']]
ATOMIZATION:WARNING.89: adding forced transformation: s34:[['cLUX_m']]:s35
ATOMIZATION:CRITICAL.90: unregistered modification: s35:[['cLUX_m']]
ATOMIZATION:WARNING.91: adding forced transformation: s36:[['cLUX']]:s37
ATOMIZATION:CRITICAL.92: unregistered modification: s37:[['cLUX']]
ATOMIZATION:WARNING.93: adding forced transformation: s9:[['cP9_m']]:s10
ATOMIZATION:CRITICAL.94: unregistered modification: s10:[['cP9_m']]
ATOMIZATION:WARNING.95: adding forced transformation: s15:[['cP7']]:s16
ATOMIZATION:CRITICAL.96: unregistered modification: s16:[['cP7']]
ATOMIZATION:WARNING.97: adding forced transformation: s13:[['cP7_m']]:s14
ATOMIZATION:CRITICAL.98: unregistered modification: s14:[['cP7_m']]
ATOMIZATION:WARNING.99: adding forced transformation: s31:[['cE3']]:s32
ATOMIZATION:CRITICAL.100: unregistered modification: s32:[['cE3']]
ATOMIZATION:WARNING.101: adding forced transformation: s29:[['cE3_m']]:s30
ATOMIZATION:CRITICAL.102: unregistered modification: s30:[['cE3_m']]
ATOMIZATION:WARNING.103: adding forced transformation: s44:[['cG']]:s45
ATOMIZATION:CRITICAL.104: unregistered modification: s45:[['cG']]
ATOMIZATION:WARNING.105: adding forced transformation: s46:[['cZTL']]:s47
ATOMIZATION:CRITICAL.106: unregistered modification: s47:[['cZTL']]
ATOMIZATION:WARNING.107: adding forced transformation: cCOP1:[['cCOP1n']]:s40
ATOMIZATION:WARNING.108: adding forced transformation: cCOP1:[['cCOP1d']]:s41
ATOMIZATION:WARNING.109: adding forced transformation: s42:[['cG_m']]:s43
ATOMIZATION:CRITICAL.110: unregistered modification: s43:[['cG_m']]
ATOMIZATION:WARNING.111: adding forced transformation: s27:[['cE4']]:s28
ATOMIZATION:CRITICAL.112: unregistered modification: s28:[['cE4']]
ATOMIZATION:WARNING.113: adding forced transformation: s31:[['cE3']]:cE3n
ATOMIZATION:WARNING.114: adding forced transformation: s31:[['cE3n']]:s33
ATOMIZATION:CRITICAL.115: unregistered modification: s33:[['cE3n']]
INFO.116: Exchanging reference to compartment def for its dimensions
INFO.117: Exchanging reference to compartment def for its dimensions
INFO.118: Exchanging reference to compartment def for its dimensions
INFO.119: Exchanging reference to compartment def for its dimensions
INFO.120: Exchanging reference to compartment def for its dimensions
INFO.121: Exchanging reference to compartment def for its dimensions
INFO.122: Exchanging reference to compartment def for its dimensions
INFO.123: Exchanging reference to compartment def for its dimensions
INFO.124: Exchanging reference to compartment def for its dimensions
INFO.125: Exchanging reference to compartment def for its dimensions
INFO.126: Exchanging reference to compartment def for its dimensions
INFO.127: Exchanging reference to compartment def for its dimensions
INFO.128: Exchanging reference to compartment def for its dimensions
INFO.129: Exchanging reference to compartment def for its dimensions
INFO.130: Exchanging reference to compartment def for its dimensions
INFO.131: Exchanging reference to compartment def for its dimensions
INFO.132: Exchanging reference to compartment def for its dimensions
INFO.133: Exchanging reference to compartment def for its dimensions
INFO.134: Exchanging reference to compartment def for its dimensions
INFO.135: Exchanging reference to compartment def for its dimensions
INFO.136: Exchanging reference to compartment def for its dimensions
INFO.137: Exchanging reference to compartment def for its dimensions
INFO.138: Exchanging reference to compartment def for its dimensions
INFO.139: Exchanging reference to compartment def for its dimensions
INFO.140: Exchanging reference to compartment def for its dimensions
INFO.141: Exchanging reference to compartment def for its dimensions
INFO.142: Exchanging reference to compartment def for its dimensions
INFO.143: Exchanging reference to compartment def for its dimensions
INFO.144: Exchanging reference to compartment def for its dimensions
INFO.145: Exchanging reference to compartment def for its dimensions
INFO.146: Exchanging reference to compartment def for its dimensions
INFO.147: Exchanging reference to compartment def for its dimensions
INFO.148: Exchanging reference to compartment def for its dimensions
INFO.149: Exchanging reference to compartment def for its dimensions
INFO.150: Exchanging reference to compartment def for its dimensions
INFO.151: Exchanging reference to compartment def for its dimensions
INFO.152: Exchanging reference to compartment def for its dimensions
INFO.153: Exchanging reference to compartment def for its dimensions
INFO.154: Exchanging reference to compartment def for its dimensions
INFO:Summary.155: File contains 26 molecules out of 79 original SBML species
