ERROR:Simulation.0: Cannot deal with non integer stoicheometries: 0.574* s13HOD_S__Z_E__
ERROR:Simulation.1: Cannot deal with non integer stoicheometries: 0.144* s13HOD_R__Z_E__
ERROR:Simulation.2: Cannot deal with non integer stoicheometries: 0.05* s13HOD_S__E_E__
ERROR:Simulation.3: Cannot deal with non integer stoicheometries: 0.012* s13HOD_R__E_E__
ERROR:Simulation.4: Cannot deal with non integer stoicheometries: 0.162* s9HOD_S__Z_E__
ERROR:Simulation.5: Cannot deal with non integer stoicheometries: 0.04* s9HOD_R__Z_E__
ERROR:Simulation.6: Cannot deal with non integer stoicheometries: 0.014* s9HOD_S__E_E__
ERROR:Simulation.7: Cannot deal with non integer stoicheometries: 0.004* s9HOD_R__E_E__
ERROR:Simulation.8: Cannot deal with non integer stoicheometries: 0.751* s13HOD_S__Z_E__
ERROR:Simulation.9: Cannot deal with non integer stoicheometries: 0.023* s13HOD_R__Z_E__
ERROR:Simulation.10: Cannot deal with non integer stoicheometries: 0.025* s13HOD_S__E_E__
ERROR:Simulation.11: Cannot deal with non integer stoicheometries: 0.015* s13HOD_R__E_E__
ERROR:Simulation.12: Cannot deal with non integer stoicheometries: 0.127* s9HOD_S__Z_E__
ERROR:Simulation.13: Cannot deal with non integer stoicheometries: 0.026* s9HOD_R__Z_E__
ERROR:Simulation.14: Cannot deal with non integer stoicheometries: 0.018* s9HOD_S__E_E__
ERROR:Simulation.15: Cannot deal with non integer stoicheometries: 0.016* s9HOD_R__E_E__
ERROR:Simulation.16: Cannot deal with non integer stoicheometries: 0.068* s13HOD_S__Z_E__
ERROR:Simulation.17: Cannot deal with non integer stoicheometries: 0.059* s13HOD_R__Z_E__
ERROR:Simulation.18: Cannot deal with non integer stoicheometries: 0.136* s13HOD_S__E_E__
ERROR:Simulation.19: Cannot deal with non integer stoicheometries: 0.107* s13HOD_R__E_E__
ERROR:Simulation.20: Cannot deal with non integer stoicheometries: 0.218* s9HOD_S__Z_E__
ERROR:Simulation.21: Cannot deal with non integer stoicheometries: 0.218* s9HOD_R__Z_E__
ERROR:Simulation.22: Cannot deal with non integer stoicheometries: 0.098* s9HOD_S__E_E__
ERROR:Simulation.23: Cannot deal with non integer stoicheometries: 0.097* s9HOD_R__E_E__
ATOMIZATION:WARNING.24: adding forced transformation: LA:[['LA']]:s13HOD_S__Z_E__
ATOMIZATION:WARNING.25: adding forced transformation: LA:[['s13HOD_S__Z_E__']]:nHexanal
ATOMIZATION:CRITICAL.26: unregistered modification: nHexanal:[['s13HOD_S__Z_E__']]
ERROR:Simulation.27: Cannot deal with non integer stoicheometries: 0.574* s13HOD_S__Z_E__
ERROR:Simulation.28: Cannot deal with non integer stoicheometries: 0.144* s13HOD_R__Z_E__
ERROR:Simulation.29: Cannot deal with non integer stoicheometries: 0.05* s13HOD_S__E_E__
ERROR:Simulation.30: Cannot deal with non integer stoicheometries: 0.012* s13HOD_R__E_E__
ERROR:Simulation.31: Cannot deal with non integer stoicheometries: 0.162* s9HOD_S__Z_E__
ERROR:Simulation.32: Cannot deal with non integer stoicheometries: 0.04* s9HOD_R__Z_E__
ERROR:Simulation.33: Cannot deal with non integer stoicheometries: 0.014* s9HOD_S__E_E__
ERROR:Simulation.34: Cannot deal with non integer stoicheometries: 0.004* s9HOD_R__E_E__
ERROR:Simulation.35: Cannot deal with non integer stoicheometries: 0.751* s13HOD_S__Z_E__
ERROR:Simulation.36: Cannot deal with non integer stoicheometries: 0.023* s13HOD_R__Z_E__
ERROR:Simulation.37: Cannot deal with non integer stoicheometries: 0.025* s13HOD_S__E_E__
ERROR:Simulation.38: Cannot deal with non integer stoicheometries: 0.015* s13HOD_R__E_E__
ERROR:Simulation.39: Cannot deal with non integer stoicheometries: 0.127* s9HOD_S__Z_E__
ERROR:Simulation.40: Cannot deal with non integer stoicheometries: 0.026* s9HOD_R__Z_E__
ERROR:Simulation.41: Cannot deal with non integer stoicheometries: 0.018* s9HOD_S__E_E__
ERROR:Simulation.42: Cannot deal with non integer stoicheometries: 0.016* s9HOD_R__E_E__
ERROR:Simulation.43: Cannot deal with non integer stoicheometries: 0.068* s13HOD_S__Z_E__
ERROR:Simulation.44: Cannot deal with non integer stoicheometries: 0.059* s13HOD_R__Z_E__
ERROR:Simulation.45: Cannot deal with non integer stoicheometries: 0.136* s13HOD_S__E_E__
ERROR:Simulation.46: Cannot deal with non integer stoicheometries: 0.107* s13HOD_R__E_E__
ERROR:Simulation.47: Cannot deal with non integer stoicheometries: 0.218* s9HOD_S__Z_E__
ERROR:Simulation.48: Cannot deal with non integer stoicheometries: 0.218* s9HOD_R__Z_E__
ERROR:Simulation.49: Cannot deal with non integer stoicheometries: 0.098* s9HOD_S__E_E__
ERROR:Simulation.50: Cannot deal with non integer stoicheometries: 0.097* s9HOD_R__E_E__
INFO:Summary.51: File contains 8 molecules out of 10 original SBML species
