Atomization:Warning.0: inverting order of [['SO4_ex'], ['SO4']] for lexical analysis
INFO:Atomization.1: added induced naming convention [['SO4'], ['SO4_ex']]
Atomization:Warning.2: inverting order of [['EtOH_ex'], ['EtOH']] for lexical analysis
INFO:Atomization.3: added induced naming convention [['EtOH'], ['EtOH_ex']]
Atomization:Warning.4: inverting order of [['O2_ex'], ['O2']] for lexical analysis
INFO:Atomization.5: added induced naming convention [['APS'], ['PAPS']]
INFO:Atomization.6: Lexical relationship inferred between                                     ['NAD', 'NADH'], user information confirming it is required
ERROR:Atomization.7: dependency cycle detected on S1
ERROR:Atomization.8: dependency cycle detected on S2
ERROR:Atomization.9: dependency cycle detected on S2
ATOMIZATION:WARNING.10: adding forced transformation: Ho:[['Ho']]:Hm
ATOMIZATION:WARNING.11: adding forced transformation: C1:[['C1']]:C2
ATOMIZATION:WARNING.12: adding forced transformation: ATP:[['ATP']]:ADP
ATOMIZATION:WARNING.13: adding forced transformation: SO4:[['SO4']]:APS
ATOMIZATION:WARNING.14: adding forced transformation: EtOH:[['EtOH']]:AcCoA
ATOMIZATION:WARNING.15: adding forced transformation: EtOH:[['AcCoA']]:OAH
ATOMIZATION:CRITICAL.16: unregistered modification: OAH:[['AcCoA']]
ATOMIZATION:WARNING.17: adding forced transformation: SO4:[['APS']]:PAPS
ATOMIZATION:WARNING.18: adding forced transformation: ATP:[['ADP']]:ADP_mit
ATOMIZATION:CRITICAL.19: unregistered modification: ADP_mit:[['ADP']]
ATOMIZATION:WARNING.20: adding forced transformation: SO4:[['PAPS']]:H2S
ATOMIZATION:CRITICAL.21: unregistered modification: H2S:[['PAPS']]
INFO.22: Exchanging reference to compartment c2 for its dimensions
WARNING:Simulation.23: NAD() reported as function, but usage is ambiguous
ERROR:Simulation.24: Pseudo observable NAD() in reaction v4: SO4(Pmod~P,_exmod~0,etoh,genericMod~APSAPS)@c1 + NADH()@c1 + NADH()@c1 + NADH()@c1 -> SO4(Pmod~PP,_exmod~0,etoh,genericMod~H2S)@c1 + NAD()@c1 + NAD()@c1 + NAD()@c1 if(NADH>0,k4/(NADH^2),0)*6 
INFO:Summary.25: File contains 11 molecules out of 25 original SBML species
