INFO:Atomization.0: added induced naming convention [['compoundI'], ['compoundII']]
INFO:Atomization.1: Lexical relationship inferred between                                     ['Superoxide', 'Ferricperoxidase'], user information confirming it is required
INFO:Atomization.2: Lexical relationship inferred between                                     ['Superoxide', 'Ferricperoxidase'], user information confirming it is required
INFO:Atomization.3: Lexical relationship inferred between                                     ['NADP', 'NADPH'], user information confirming it is required
INFO:Atomization.4: Lexical relationship inferred between                                     ['compoundI', 'compoundII'], user information confirming it is required
INFO:Atomization.5: matching compoundII=['compoundI']
CRITICAL:Atomization.6: I dont know how this is modified and I have no way to make an educated guess. Politely refusing to translate compoundII=[['compoundI']].
ATOMIZATION:WARNING.7: adding forced transformation: Superoxide:[['Superoxide']]:Oxygen
ATOMIZATION:WARNING.8: adding forced transformation: NADPH:[['NADPH']]:NADP_NADP_c
ATOMIZATION:WARNING.9: adding forced transformation: Melatonin:[['Melatonin']]:Melatonin_MLTH_c
ATOMIZATION:WARNING.10: adding forced transformation: Melatonin:[['Melatonin']]:Melatoninfreeradical
ATOMIZATION:WARNING.11: adding forced transformation: Superoxide:[['Oxygen']]:Oxygen_O2_c
ATOMIZATION:CRITICAL.12: unregistered modification: Oxygen_O2_c:[['Oxygen']]
ATOMIZATION:WARNING.13: adding forced transformation: Melatonin:[['Melatoninfreeradical']]:Melatoninfreeradical_MLT_c
ATOMIZATION:CRITICAL.14: unregistered modification: Melatoninfreeradical_MLT_c:[['Melatoninfreeradical']]
ATOMIZATION:WARNING.15: adding forced transformation: Superoxide:[['Oxygen_O2_c']]:H2O2_H2O2_c
ATOMIZATION:CRITICAL.16: unregistered modification: H2O2_H2O2_c:[['Oxygen_O2_c']]
ATOMIZATION:CRITICAL.17: unregistered modification: H2O2_H2O2_c:[['Oxygen_O2_c']]
ATOMIZATION:WARNING.18: adding forced transformation: Superoxide:[['Oxygen_O2_c']]:Superoxide_O2minus_c
ATOMIZATION:CRITICAL.19: unregistered modification: Superoxide_O2minus_c:[['Oxygen_O2_c']]
ATOMIZATION:CRITICAL.20: unregistered modification: Superoxide_O2minus_c:[['Oxygen_O2_c']]
INFO:Summary.21: File contains 9 molecules out of 20 original SBML species
