INFO:Atomization.0: added induced naming convention [['MAPKKK'], ['MAPKKK_s8']]
INFO:Atomization.1: added induced naming convention [['MAPKK'], ['MAPKK_s15']]
Atomization:Warning.2: inverting order of [['MAPKKK1'], ['MAPKK2']] for lexical analysis
INFO:Atomization.3: common root MAPKK=MAPKK2:MAPKKK1
INFO:Atomization.4: added induced naming convention [['MAPKK'], ['MAPKK2']]
INFO:Atomization.5: added induced naming convention [['MAPKK'], ['MAPKKK1']]
Atomization:Warning.6: inverting order of [['MAPKKK1'], ['MAPKK4']] for lexical analysis
INFO:Atomization.7: common root MAPKK=MAPKK4:MAPKKK1
INFO:Atomization.8: added induced naming convention [['MAPKK'], ['MAPKK4']]
INFO:Atomization.9: added induced naming convention [['MAPKK'], ['MAPKKK1']]
Atomization:Warning.10: inverting order of [['MAPKKK1'], ['MAPKK5']] for lexical analysis
INFO:Atomization.11: common root MAPKK=MAPKK5:MAPKKK1
INFO:Atomization.12: added induced naming convention [['MAPKK'], ['MAPKK5']]
INFO:Atomization.13: added induced naming convention [['MAPKK'], ['MAPKKK1']]
Atomization:Warning.14: inverting order of [['MAPKKK19'], ['MAPKK9']] for lexical analysis
INFO:Atomization.15: added induced naming convention [['MAPKK9'], ['MAPKKK19']]
INFO:Atomization.16: added induced naming convention [['MAPK'], ['MAPK_s21']]
Atomization:Warning.17: inverting order of [['MAPKK2'], ['MAPK2']] for lexical analysis
INFO:Atomization.18: added induced naming convention [['MAPK2'], ['MAPKK2']]
Atomization:Warning.19: inverting order of [['MAPKK4'], ['MAPK2']] for lexical analysis
INFO:Atomization.20: common root MAPK=MAPK2:MAPKK4
INFO:Atomization.21: added induced naming convention [['MAPK'], ['MAPK2']]
INFO:Atomization.22: added induced naming convention [['MAPK'], ['MAPKK4']]
Atomization:Warning.23: inverting order of [['MAPKK4'], ['MAPK3']] for lexical analysis
INFO:Atomization.24: common root MAPK=MAPK3:MAPKK4
INFO:Atomization.25: added induced naming convention [['MAPK'], ['MAPK3']]
INFO:Atomization.26: added induced naming convention [['MAPK'], ['MAPKK4']]
Atomization:Warning.27: inverting order of [['MAPKK5'], ['MAPK3']] for lexical analysis
INFO:Atomization.28: common root MAPK=MAPK3:MAPKK5
INFO:Atomization.29: added induced naming convention [['MAPK'], ['MAPK3']]
INFO:Atomization.30: added induced naming convention [['MAPK'], ['MAPKK5']]
Atomization:Warning.31: inverting order of [['MAPKK4'], ['MAPK6']] for lexical analysis
INFO:Atomization.32: common root MAPK=MAPK6:MAPKK4
INFO:Atomization.33: added induced naming convention [['MAPK'], ['MAPK6']]
INFO:Atomization.34: added induced naming convention [['MAPK'], ['MAPKK4']]
Atomization:Warning.35: inverting order of [['MAPKK2'], ['MAPK4']] for lexical analysis
INFO:Atomization.36: common root MAPK=MAPK4:MAPKK2
INFO:Atomization.37: added induced naming convention [['MAPK'], ['MAPK4']]
INFO:Atomization.38: added induced naming convention [['MAPK'], ['MAPKK2']]
Atomization:Warning.39: inverting order of [['MAPKK5'], ['MAPK6']] for lexical analysis
INFO:Atomization.40: common root MAPK=MAPK6:MAPKK5
INFO:Atomization.41: added induced naming convention [['MAPK'], ['MAPK6']]
INFO:Atomization.42: added induced naming convention [['MAPK'], ['MAPKK5']]
INFO:Atomization.43: added induced naming convention [['WRKY1'], ['WRKY1_s29']]
INFO:Atomization.44: added induced naming convention [['MYB2'], ['MYB2_s31']]
INFO:Atomization.45: added induced naming convention [['WRKY33'], ['WRKY33_s33']]
INFO:Atomization.46: added induced naming convention [['WRKY6'], ['WRKY6_s35']]
INFO:Atomization.47: added induced naming convention [['MYB4'], ['MYB4_s37']]
INFO:Atomization.48: added induced naming convention [['WRKY25'], ['WRKY25_s39']]
INFO:Atomization.49: added induced naming convention [['WRKY12'], ['WRKY12_s41']]
INFO:Atomization.50: added induced naming convention [['WRKY22'], ['WRKY22_s43']]
INFO:Atomization.51: added induced naming convention [['WRKY28'], ['WRKY28_s45']]
INFO:Atomization.52: added induced naming convention [['WRKY29'], ['WRKY29_s47']]
INFO:Atomization.53: Lexical relationship inferred between                                     ['Fungalpathogen', 'Bacterialpathogen'], user information confirming it is required
INFO:Atomization.54: Lexical relationship inferred between                                     ['Fungalpathogen', 'Bacterialpathogen'], user information confirming it is required
WARNING:Atomization.55: Are these actually the same? MAPKK4=[['MAPKK'], ['MAPK']].
WARNING:Atomization.56: Are these actually the same? MAPKK4=[['MAPKK'], ['MAPK']].
WARNING:Atomization.57: Are these actually the same? MAPKK5=[['MAPKK'], ['MAPK']].
WARNING:Atomization.58: Are these actually the same? MAPKK5=[['MAPKK'], ['MAPK']].
WARNING:Atomization.59: Are these actually the same? MAPKK2=[['MAPK2'], ['MAPK'], ['MAPKK']].
WARNING:Atomization.60: Are these actually the same? MAPKK2=[['MAPK2'], ['MAPK'], ['MAPKK']].
ATOMIZATION:WARNING.61: adding forced transformation: Bacterialpathogen:[['Bacterialpathogen']]:LRR
ATOMIZATION:WARNING.62: adding forced transformation: Fungalpathogen:[['Fungalpathogen']]:FLS2
ATOMIZATION:WARNING.63: adding forced transformation: Fungalpathogen:[['Fungalpathogen']]:LysM
ATOMIZATION:WARNING.64: adding forced transformation: Fungalpathogen:[['Fungalpathogen']]:PRRs
ATOMIZATION:WARNING.65: adding forced transformation: MAPK:[['MAPK_s21']]:NAC
ATOMIZATION:WARNING.66: adding forced transformation: MAPK:[['MAPK_s21']]:AP2
ATOMIZATION:WARNING.67: adding forced transformation: MAPK:[['MAPK6']]:MYB4
ATOMIZATION:WARNING.68: adding forced transformation: MAPK:[['MAPK_s21']]:MYB2
ATOMIZATION:WARNING.69: adding forced transformation: MAPK:[['MAPK_s21']]:bZIP
ATOMIZATION:WARNING.70: adding forced transformation: MAPK:[['MAPK_s21']]:SAMK
ATOMIZATION:WARNING.71: adding forced transformation: MAPK:[['MAPK_s21']]:SIMK
ATOMIZATION:WARNING.72: adding forced transformation: MAPK:[['MAPK_s21']]:MYB44
ATOMIZATION:WARNING.73: adding forced transformation: MAPK:[['MAPK4']]:WRKY6
ATOMIZATION:WARNING.74: adding forced transformation: MAPK:[['MAPK2']]:WRKY1
ATOMIZATION:WARNING.75: adding forced transformation: MAPK:[['MAPK3']]:WRKY33
ATOMIZATION:WARNING.76: adding forced transformation: MAPK:[['MAPK3']]:WRKY12
ATOMIZATION:WARNING.77: adding forced transformation: MAPK:[['MAPK4']]:WRKY25
ATOMIZATION:WARNING.78: adding forced transformation: MAPK:[['MAPK3']]:WRKY22
ATOMIZATION:WARNING.79: adding forced transformation: MAPK:[['MAPK3']]:WRKY28
ATOMIZATION:WARNING.80: adding forced transformation: MAPKK:[['MAPKK_s15']]:MAPKK9
ATOMIZATION:WARNING.81: adding forced transformation: MAPK:[['MAPK6']]:WRKY29
ATOMIZATION:WARNING.82: adding forced transformation: Fungalpathogen:[['LysM']]:MAPKKK
ATOMIZATION:CRITICAL.83: unregistered modification: MAPKKK:[['LysM']]
ATOMIZATION:WARNING.84: adding forced transformation: MAPKK:[['MAPKK9']]:MAPKKK19
ATOMIZATION:WARNING.85: adding forced transformation: MAPK:[['MYB2']]:MYB2_s31
ATOMIZATION:WARNING.86: adding forced transformation: MAPK:[['MYB4']]:MYB4_s37
ATOMIZATION:WARNING.87: adding forced transformation: Fungalpathogen:[['MAPKKK']]:MAPKKK_s8
ATOMIZATION:CRITICAL.88: unregistered modification: MAPKKK_s8:[['MAPKKK']]
ATOMIZATION:WARNING.89: adding forced transformation: MAPK:[['WRKY6']]:WRKY6_s35
ATOMIZATION:WARNING.90: adding forced transformation: MAPK:[['WRKY1']]:WRKY1_s29
ATOMIZATION:WARNING.91: adding forced transformation: MAPK:[['WRKY12']]:WRKY12_s41
ATOMIZATION:WARNING.92: adding forced transformation: MAPK:[['WRKY29']]:WRKY29_s47
ATOMIZATION:WARNING.93: adding forced transformation: MAPK:[['WRKY33']]:WRKY33_s33
ATOMIZATION:WARNING.94: adding forced transformation: MAPK:[['WRKY28']]:WRKY28_s45
ATOMIZATION:WARNING.95: adding forced transformation: MAPK:[['WRKY25']]:WRKY25_s39
ATOMIZATION:WARNING.96: adding forced transformation: MAPK:[['WRKY22']]:WRKY22_s43
ATOMIZATION:WARNING.97: adding forced transformation: Fungalpathogen:[['MAPKKK_s8']]:EDR1
ATOMIZATION:CRITICAL.98: unregistered modification: EDR1:[['MAPKKK_s8']]
ATOMIZATION:CRITICAL.99: unregistered modification: EDR1:[['MAPKKK_s8']]
ATOMIZATION:WARNING.100: adding forced transformation: Fungalpathogen:[['MAPKKK_s8']]:MAPKKK20
ATOMIZATION:CRITICAL.101: unregistered modification: MAPKKK20:[['MAPKKK_s8']]
ATOMIZATION:CRITICAL.102: unregistered modification: MAPKKK20:[['MAPKKK_s8']]
ATOMIZATION:WARNING.103: adding forced transformation: MAPK:[['WRKY28_s45']]:Response
ATOMIZATION:CRITICAL.104: unregistered modification: Response:[['WRKY28_s45']]
ATOMIZATION:WARNING.105: adding forced transformation: Fungalpathogen:[['MAPKKK_s8']]:MAPKKK18
ATOMIZATION:CRITICAL.106: unregistered modification: MAPKKK18:[['MAPKKK_s8']]
ATOMIZATION:CRITICAL.107: unregistered modification: MAPKKK18:[['MAPKKK_s8']]
INFO:Summary.108: File contains 4 molecules out of 52 original SBML species
